[0.420s] Invoking command in '/home/ubuntu/ros2_mpu6050_driver/build/mpu6050driver': CMAKE_PREFIX_PATH=/home/ubuntu/ros2_ws/install/mpu6050_ros:/opt/ros/humble /usr/bin/cmake --build /home/ubuntu/ros2_mpu6050_driver/build/mpu6050driver -- -j4 -l4
[0.681s] [ 33%] [32mBuilding CXX object CMakeFiles/mpu6050driver.dir/src/mpu6050sensor.cpp.o[0m
[1.342s] In file included from [01m[K/home/ubuntu/ros2_mpu6050_driver/src/mpu6050sensor.cpp:6[m[K:
[1.343s] [01m[K/usr/src/linux-headers-5.15.0-89/include/trace/events/smbus.h:14:10:[m[K [01;31m[Kfatal error: [m[Klinux/tracepoint.h: No such file or directory
[1.343s]    14 | #include [01;31m[K<linux/tracepoint.h>[m[K
[1.344s]       |          [01;31m[K^~~~~~~~~~~~~~~~~~~~[m[K
[1.345s] compilation terminated.
[1.350s] gmake[2]: *** [CMakeFiles/mpu6050driver.dir/build.make:90: CMakeFiles/mpu6050driver.dir/src/mpu6050sensor.cpp.o] Error 1
[1.352s] gmake[1]: *** [CMakeFiles/Makefile2:137: CMakeFiles/mpu6050driver.dir/all] Error 2
[1.353s] gmake: *** [Makefile:146: all] Error 2
[1.361s] Invoked command in '/home/ubuntu/ros2_mpu6050_driver/build/mpu6050driver' returned '2': CMAKE_PREFIX_PATH=/home/ubuntu/ros2_ws/install/mpu6050_ros:/opt/ros/humble /usr/bin/cmake --build /home/ubuntu/ros2_mpu6050_driver/build/mpu6050driver -- -j4 -l4
