[ 33%] [32mBuilding CXX object CMakeFiles/mpu6050driver.dir/src/mpu6050sensor.cpp.o[0m
[01m[K/home/ubuntu/ros2_mpu6050_driver/src/mpu6050sensor.cpp:6:10:[m[K [01;31m[Kfatal error: [m[Ksmbus.h: No such file or directory
    6 | #include [01;31m[K<smbus.h>[m[K
      |          [01;31m[K^~~~~~~~~[m[K
compilation terminated.
gmake[2]: *** [CMakeFiles/mpu6050driver.dir/build.make:90: CMakeFiles/mpu6050driver.dir/src/mpu6050sensor.cpp.o] Error 1
gmake[1]: *** [CMakeFiles/Makefile2:137: CMakeFiles/mpu6050driver.dir/all] Error 2
gmake: *** [Makefile:146: all] Error 2
